Removed Pin From Net: NetName=D10 Pin=SW1-1
Removed Pin From Net: NetName=D11 Pin=SW1-2
Removed Pin From Net: NetName=NetR8_2 Pin=SW1-3
Removed Pin From Net: NetName=NetR9_1 Pin=SW1-4
Removed Pin From Net: NetName=ROT5 Pin=SW1-5
Removed Pin From Net: NetName=ROT6 Pin=SW1-6
Removed Pin From Net: NetName=A0 Pin=SW1-7
Removed Pin From Net: NetName=D13 Pin=SW1-8
Removed Pin From Net: NetName=VCC Pin=SW1-A
Removed Pin From Net: NetName=D8 Pin=SW2-1
Removed Pin From Net: NetName=D9 Pin=SW2-2
Removed Pin From Net: NetName=D2 Pin=SW2-3
Removed Pin From Net: NetName=D3 Pin=SW2-4
Removed Pin From Net: NetName=D12 Pin=SW2-A
Change Component Designator: OldDesignator=SW1 NewDesignator=SW2
Change Component Designator: OldDesignator=SW2 NewDesignator=SW1
Added Pin To Net: NetName=D10 Pin=SW1-1
Added Pin To Net: NetName=D11 Pin=SW1-2
Added Pin To Net: NetName=NetR8_2 Pin=SW1-3
Added Pin To Net: NetName=NetR9_1 Pin=SW1-4
Added Pin To Net: NetName=ROT5 Pin=SW1-5
Added Pin To Net: NetName=ROT6 Pin=SW1-6
Added Pin To Net: NetName=A0 Pin=SW1-7
Added Pin To Net: NetName=D13 Pin=SW1-8
Added Pin To Net: NetName=VCC Pin=SW1-A
Added Pin To Net: NetName=D8 Pin=SW2-1
Added Pin To Net: NetName=D9 Pin=SW2-2
Added Pin To Net: NetName=D2 Pin=SW2-3
Added Pin To Net: NetName=D3 Pin=SW2-4
Added Pin To Net: NetName=D12 Pin=SW2-A
Change Net Name : Old Net Name=NetJ2_2 New Net Name=PR-
Added Pin To Net: NetName=PR+ Pin=J2-1
Added Pin To Net: NetName=PR+ Pin=SW1-B
Added Net: Name=PR+
Added Pin To Net: NetName=ROT12 Pin=R19-1
Added Pin To Net: NetName=ROT12 Pin=R20-2
Added Pin To Net: NetName=ROT12 Pin=SW1-12
Added Net: Name=ROT12
Added Room: Name=Schematic
