Change Component Designator: OldDesignator=1KO NewDesignator=R5
Change Component Designator: OldDesignator=1MO NewDesignator=R1
Change Component Designator: OldDesignator=1MO NewDesignator=R2
Change Component Designator: OldDesignator=1MO NewDesignator=R3
Change Component Designator: OldDesignator=1MO NewDesignator=R4
Change Component Designator: OldDesignator=1MO NewDesignator=R7
Change Component Designator: OldDesignator=1MO NewDesignator=R8
Change Component Designator: OldDesignator=1MO NewDesignator=R9
Change Component Designator: OldDesignator=1MO NewDesignator=R10
Change Component Designator: OldDesignator=1MO NewDesignator=R11
Change Component Designator: OldDesignator=1N4001 NewDesignator=D1
Change Component Designator: OldDesignator=10KO NewDesignator=R6
Change Component Designator: OldDesignator=10KO NewDesignator=R13
Change Component Designator: OldDesignator=10KO NewDesignator=R14
Change Component Designator: OldDesignator=20KO NewDesignator=R15
Change Component Designator: OldDesignator=20KO NewDesignator=R17
Change Component Designator: OldDesignator=22pF NewDesignator=C1
Change Component Designator: OldDesignator=22pF NewDesignator=C2
Change Component Designator: OldDesignator=50KO NewDesignator=R12
Change Component Designator: OldDesignator=100KO NewDesignator=R16
Change Component Designator: OldDesignator=100KO NewDesignator=R18
Change Component Designator: OldDesignator=100nF NewDesignator=C3
Change Component Designator: OldDesignator=220O NewDesignator=R19
Change Component Designator: OldDesignator=ATMEGA328P NewDesignator=U1
Change Component Designator: OldDesignator=BC547 NewDesignator=Q1
Change Component Designator: OldDesignator=CRYSTAL NewDesignator=Y1
Change Component Designator: OldDesignator=FTDI NewDesignator=P4
Change Component Designator: OldDesignator=INA219 NewDesignator=P3
Change Component Designator: OldDesignator=LCD HEADER NewDesignator=P2
Change Component Designator: OldDesignator=POWER NewDesignator=J5
Change Component Designator: OldDesignator=PROBES NewDesignator=J2
Change Net Name : Old Net Name=NetC3_1 New Net Name=DTR
Added Member To Class: ClassName=Schematic2 Member=Component C2 RDE5C1H220J0K1H03B
Added Member To Class: ClassName=Schematic2 Member=Component J5 691214110002
Added Member To Class: ClassName=Schematic2 Member=Component R1 G001R1000FE1280
Added Member To Class: ClassName=Schematic2 Member=Component R2 G001R1000FE1280
Added Member To Class: ClassName=Schematic2 Member=Component R3 G001R1000FE1280
Added Member To Class: ClassName=Schematic2 Member=Component R4 G001R1000FE1280
Added Member To Class: ClassName=Schematic2 Member=Component R6 3362P-1-203LF
Added Member To Class: ClassName=Schematic2 Member=Component R7 G001R1000FE1280
Added Member To Class: ClassName=Schematic2 Member=Component R8 G001R1000FE1280
Added Member To Class: ClassName=Schematic2 Member=Component R10 G001R1000FE1280
Added Member To Class: ClassName=Schematic2 Member=Component R11 G001R1000FE1280
Added Member To Class: ClassName=Schematic2 Member=Component R13 G001R1000FE1280
Added Member To Class: ClassName=Schematic2 Member=Component R15 G001R1000FE1280
Added Member To Class: ClassName=Schematic2 Member=Component R18 3362P-1-203LF
Added Room: Name=Schematic2
